  Fortress.cpp
C:\Users\sinoh\Desktop\git\networkgameplay\Kyu\Client\Fortress\Fortress.cpp(56,19): warning C4244: 'return': 'WPARAM'에서 'int'(으)로 변환하면서 데이터가 손실될 수 있습니다.
  Game.cpp
C:\Users\sinoh\Desktop\git\networkgameplay\Kyu\Client\Fortress\Game.cpp(212,62): warning C4244: '인수': 'double'에서 'int'(으)로 변환하면서 데이터가 손실될 수 있습니다.
C:\Users\sinoh\Desktop\git\networkgameplay\Kyu\Client\Fortress\Game.cpp(212,55): warning C4244: '인수': 'double'에서 'int'(으)로 변환하면서 데이터가 손실될 수 있습니다.
C:\Users\sinoh\Desktop\git\networkgameplay\Kyu\Client\Fortress\Game.cpp(216,62): warning C4244: '인수': 'double'에서 'int'(으)로 변환하면서 데이터가 손실될 수 있습니다.
C:\Users\sinoh\Desktop\git\networkgameplay\Kyu\Client\Fortress\Game.cpp(216,55): warning C4244: '인수': 'double'에서 'int'(으)로 변환하면서 데이터가 손실될 수 있습니다.
C:\Users\sinoh\Desktop\git\networkgameplay\Kyu\Client\Fortress\Game.cpp(220,62): warning C4244: '인수': 'double'에서 'int'(으)로 변환하면서 데이터가 손실될 수 있습니다.
C:\Users\sinoh\Desktop\git\networkgameplay\Kyu\Client\Fortress\Game.cpp(220,55): warning C4244: '인수': 'double'에서 'int'(으)로 변환하면서 데이터가 손실될 수 있습니다.
C:\Users\sinoh\Desktop\git\networkgameplay\Kyu\Client\Fortress\Game.cpp(224,62): warning C4244: '인수': 'double'에서 'int'(으)로 변환하면서 데이터가 손실될 수 있습니다.
C:\Users\sinoh\Desktop\git\networkgameplay\Kyu\Client\Fortress\Game.cpp(224,55): warning C4244: '인수': 'double'에서 'int'(으)로 변환하면서 데이터가 손실될 수 있습니다.
C:\Users\sinoh\Desktop\git\networkgameplay\Kyu\Client\Fortress\Game.cpp(228,62): warning C4244: '인수': 'double'에서 'int'(으)로 변환하면서 데이터가 손실될 수 있습니다.
C:\Users\sinoh\Desktop\git\networkgameplay\Kyu\Client\Fortress\Game.cpp(228,55): warning C4244: '인수': 'double'에서 'int'(으)로 변환하면서 데이터가 손실될 수 있습니다.
C:\Users\sinoh\Desktop\git\networkgameplay\Kyu\Client\Fortress\Game.cpp(232,62): warning C4244: '인수': 'double'에서 'int'(으)로 변환하면서 데이터가 손실될 수 있습니다.
C:\Users\sinoh\Desktop\git\networkgameplay\Kyu\Client\Fortress\Game.cpp(232,55): warning C4244: '인수': 'double'에서 'int'(으)로 변환하면서 데이터가 손실될 수 있습니다.
C:\Users\sinoh\Desktop\git\networkgameplay\Kyu\Client\Fortress\Game.cpp(238,62): warning C4244: '인수': 'double'에서 'int'(으)로 변환하면서 데이터가 손실될 수 있습니다.
C:\Users\sinoh\Desktop\git\networkgameplay\Kyu\Client\Fortress\Game.cpp(238,55): warning C4244: '인수': 'double'에서 'int'(으)로 변환하면서 데이터가 손실될 수 있습니다.
C:\Users\sinoh\Desktop\git\networkgameplay\Kyu\Client\Fortress\Game.cpp(242,62): warning C4244: '인수': 'double'에서 'int'(으)로 변환하면서 데이터가 손실될 수 있습니다.
C:\Users\sinoh\Desktop\git\networkgameplay\Kyu\Client\Fortress\Game.cpp(242,55): warning C4244: '인수': 'double'에서 'int'(으)로 변환하면서 데이터가 손실될 수 있습니다.
C:\Users\sinoh\Desktop\git\networkgameplay\Kyu\Client\Fortress\Game.cpp(246,62): warning C4244: '인수': 'double'에서 'int'(으)로 변환하면서 데이터가 손실될 수 있습니다.
C:\Users\sinoh\Desktop\git\networkgameplay\Kyu\Client\Fortress\Game.cpp(246,55): warning C4244: '인수': 'double'에서 'int'(으)로 변환하면서 데이터가 손실될 수 있습니다.
C:\Users\sinoh\Desktop\git\networkgameplay\Kyu\Client\Fortress\Game.cpp(250,62): warning C4244: '인수': 'double'에서 'int'(으)로 변환하면서 데이터가 손실될 수 있습니다.
C:\Users\sinoh\Desktop\git\networkgameplay\Kyu\Client\Fortress\Game.cpp(250,55): warning C4244: '인수': 'double'에서 'int'(으)로 변환하면서 데이터가 손실될 수 있습니다.
C:\Users\sinoh\Desktop\git\networkgameplay\Kyu\Client\Fortress\Game.cpp(256,67): warning C4244: '인수': 'double'에서 'int'(으)로 변환하면서 데이터가 손실될 수 있습니다.
C:\Users\sinoh\Desktop\git\networkgameplay\Kyu\Client\Fortress\Game.cpp(256,55): warning C4244: '인수': 'double'에서 'int'(으)로 변환하면서 데이터가 손실될 수 있습니다.
C:\Users\sinoh\Desktop\git\networkgameplay\Kyu\Client\Fortress\Game.cpp(260,67): warning C4244: '인수': 'double'에서 'int'(으)로 변환하면서 데이터가 손실될 수 있습니다.
C:\Users\sinoh\Desktop\git\networkgameplay\Kyu\Client\Fortress\Game.cpp(260,55): warning C4244: '인수': 'double'에서 'int'(으)로 변환하면서 데이터가 손실될 수 있습니다.
C:\Users\sinoh\Desktop\git\networkgameplay\Kyu\Client\Fortress\Game.cpp(264,67): warning C4244: '인수': 'double'에서 'int'(으)로 변환하면서 데이터가 손실될 수 있습니다.
C:\Users\sinoh\Desktop\git\networkgameplay\Kyu\Client\Fortress\Game.cpp(264,55): warning C4244: '인수': 'double'에서 'int'(으)로 변환하면서 데이터가 손실될 수 있습니다.
C:\Users\sinoh\Desktop\git\networkgameplay\Kyu\Client\Fortress\Game.cpp(268,67): warning C4244: '인수': 'double'에서 'int'(으)로 변환하면서 데이터가 손실될 수 있습니다.
C:\Users\sinoh\Desktop\git\networkgameplay\Kyu\Client\Fortress\Game.cpp(268,55): warning C4244: '인수': 'double'에서 'int'(으)로 변환하면서 데이터가 손실될 수 있습니다.
C:\Users\sinoh\Desktop\git\networkgameplay\Kyu\Client\Fortress\Game.cpp(272,67): warning C4244: '인수': 'double'에서 'int'(으)로 변환하면서 데이터가 손실될 수 있습니다.
C:\Users\sinoh\Desktop\git\networkgameplay\Kyu\Client\Fortress\Game.cpp(272,55): warning C4244: '인수': 'double'에서 'int'(으)로 변환하면서 데이터가 손실될 수 있습니다.
C:\Users\sinoh\Desktop\git\networkgameplay\Kyu\Client\Fortress\Game.cpp(282,57): warning C4244: '인수': 'double'에서 'int'(으)로 변환하면서 데이터가 손실될 수 있습니다.
C:\Users\sinoh\Desktop\git\networkgameplay\Kyu\Client\Fortress\Game.cpp(282,49): warning C4244: '인수': 'double'에서 'int'(으)로 변환하면서 데이터가 손실될 수 있습니다.
C:\Users\sinoh\Desktop\git\networkgameplay\Kyu\Client\Fortress\Game.cpp(286,57): warning C4244: '인수': 'double'에서 'int'(으)로 변환하면서 데이터가 손실될 수 있습니다.
C:\Users\sinoh\Desktop\git\networkgameplay\Kyu\Client\Fortress\Game.cpp(286,49): warning C4244: '인수': 'double'에서 'int'(으)로 변환하면서 데이터가 손실될 수 있습니다.
C:\Users\sinoh\Desktop\git\networkgameplay\Kyu\Client\Fortress\Game.cpp(290,57): warning C4244: '인수': 'double'에서 'int'(으)로 변환하면서 데이터가 손실될 수 있습니다.
C:\Users\sinoh\Desktop\git\networkgameplay\Kyu\Client\Fortress\Game.cpp(290,49): warning C4244: '인수': 'double'에서 'int'(으)로 변환하면서 데이터가 손실될 수 있습니다.
C:\Users\sinoh\Desktop\git\networkgameplay\Kyu\Client\Fortress\Game.cpp(294,57): warning C4244: '인수': 'double'에서 'int'(으)로 변환하면서 데이터가 손실될 수 있습니다.
C:\Users\sinoh\Desktop\git\networkgameplay\Kyu\Client\Fortress\Game.cpp(294,49): warning C4244: '인수': 'double'에서 'int'(으)로 변환하면서 데이터가 손실될 수 있습니다.
C:\Users\sinoh\Desktop\git\networkgameplay\Kyu\Client\Fortress\Game.cpp(298,57): warning C4244: '인수': 'double'에서 'int'(으)로 변환하면서 데이터가 손실될 수 있습니다.
C:\Users\sinoh\Desktop\git\networkgameplay\Kyu\Client\Fortress\Game.cpp(298,49): warning C4244: '인수': 'double'에서 'int'(으)로 변환하면서 데이터가 손실될 수 있습니다.
C:\Users\sinoh\Desktop\git\networkgameplay\Kyu\Client\Fortress\Game.cpp(302,57): warning C4244: '인수': 'double'에서 'int'(으)로 변환하면서 데이터가 손실될 수 있습니다.
C:\Users\sinoh\Desktop\git\networkgameplay\Kyu\Client\Fortress\Game.cpp(302,49): warning C4244: '인수': 'double'에서 'int'(으)로 변환하면서 데이터가 손실될 수 있습니다.
C:\Users\sinoh\Desktop\git\networkgameplay\Kyu\Client\Fortress\Game.cpp(308,62): warning C4244: '인수': 'double'에서 'int'(으)로 변환하면서 데이터가 손실될 수 있습니다.
C:\Users\sinoh\Desktop\git\networkgameplay\Kyu\Client\Fortress\Game.cpp(308,49): warning C4244: '인수': 'double'에서 'int'(으)로 변환하면서 데이터가 손실될 수 있습니다.
C:\Users\sinoh\Desktop\git\networkgameplay\Kyu\Client\Fortress\Game.cpp(312,62): warning C4244: '인수': 'double'에서 'int'(으)로 변환하면서 데이터가 손실될 수 있습니다.
C:\Users\sinoh\Desktop\git\networkgameplay\Kyu\Client\Fortress\Game.cpp(312,49): warning C4244: '인수': 'double'에서 'int'(으)로 변환하면서 데이터가 손실될 수 있습니다.
C:\Users\sinoh\Desktop\git\networkgameplay\Kyu\Client\Fortress\Game.cpp(316,62): warning C4244: '인수': 'double'에서 'int'(으)로 변환하면서 데이터가 손실될 수 있습니다.
C:\Users\sinoh\Desktop\git\networkgameplay\Kyu\Client\Fortress\Game.cpp(316,49): warning C4244: '인수': 'double'에서 'int'(으)로 변환하면서 데이터가 손실될 수 있습니다.
C:\Users\sinoh\Desktop\git\networkgameplay\Kyu\Client\Fortress\Game.cpp(320,62): warning C4244: '인수': 'double'에서 'int'(으)로 변환하면서 데이터가 손실될 수 있습니다.
C:\Users\sinoh\Desktop\git\networkgameplay\Kyu\Client\Fortress\Game.cpp(320,49): warning C4244: '인수': 'double'에서 'int'(으)로 변환하면서 데이터가 손실될 수 있습니다.
C:\Users\sinoh\Desktop\git\networkgameplay\Kyu\Client\Fortress\Game.cpp(326,62): warning C4244: '인수': 'double'에서 'int'(으)로 변환하면서 데이터가 손실될 수 있습니다.
C:\Users\sinoh\Desktop\git\networkgameplay\Kyu\Client\Fortress\Game.cpp(326,49): warning C4244: '인수': 'double'에서 'int'(으)로 변환하면서 데이터가 손실될 수 있습니다.
C:\Users\sinoh\Desktop\git\networkgameplay\Kyu\Client\Fortress\Game.cpp(330,62): warning C4244: '인수': 'double'에서 'int'(으)로 변환하면서 데이터가 손실될 수 있습니다.
C:\Users\sinoh\Desktop\git\networkgameplay\Kyu\Client\Fortress\Game.cpp(330,49): warning C4244: '인수': 'double'에서 'int'(으)로 변환하면서 데이터가 손실될 수 있습니다.
C:\Users\sinoh\Desktop\git\networkgameplay\Kyu\Client\Fortress\Game.cpp(334,62): warning C4244: '인수': 'double'에서 'int'(으)로 변환하면서 데이터가 손실될 수 있습니다.
C:\Users\sinoh\Desktop\git\networkgameplay\Kyu\Client\Fortress\Game.cpp(334,49): warning C4244: '인수': 'double'에서 'int'(으)로 변환하면서 데이터가 손실될 수 있습니다.
C:\Users\sinoh\Desktop\git\networkgameplay\Kyu\Client\Fortress\Game.cpp(338,62): warning C4244: '인수': 'double'에서 'int'(으)로 변환하면서 데이터가 손실될 수 있습니다.
C:\Users\sinoh\Desktop\git\networkgameplay\Kyu\Client\Fortress\Game.cpp(338,49): warning C4244: '인수': 'double'에서 'int'(으)로 변환하면서 데이터가 손실될 수 있습니다.
C:\Users\sinoh\Desktop\git\networkgameplay\Kyu\Client\Fortress\Game.cpp(342,62): warning C4244: '인수': 'double'에서 'int'(으)로 변환하면서 데이터가 손실될 수 있습니다.
C:\Users\sinoh\Desktop\git\networkgameplay\Kyu\Client\Fortress\Game.cpp(342,49): warning C4244: '인수': 'double'에서 'int'(으)로 변환하면서 데이터가 손실될 수 있습니다.
C:\Users\sinoh\Desktop\git\networkgameplay\Kyu\Client\Fortress\Game.cpp(352,53): warning C4244: '인수': 'double'에서 'int'(으)로 변환하면서 데이터가 손실될 수 있습니다.
C:\Users\sinoh\Desktop\git\networkgameplay\Kyu\Client\Fortress\Game.cpp(352,45): warning C4244: '인수': 'double'에서 'int'(으)로 변환하면서 데이터가 손실될 수 있습니다.
C:\Users\sinoh\Desktop\git\networkgameplay\Kyu\Client\Fortress\Game.cpp(356,53): warning C4244: '인수': 'double'에서 'int'(으)로 변환하면서 데이터가 손실될 수 있습니다.
C:\Users\sinoh\Desktop\git\networkgameplay\Kyu\Client\Fortress\Game.cpp(356,45): warning C4244: '인수': 'double'에서 'int'(으)로 변환하면서 데이터가 손실될 수 있습니다.
C:\Users\sinoh\Desktop\git\networkgameplay\Kyu\Client\Fortress\Game.cpp(360,53): warning C4244: '인수': 'double'에서 'int'(으)로 변환하면서 데이터가 손실될 수 있습니다.
C:\Users\sinoh\Desktop\git\networkgameplay\Kyu\Client\Fortress\Game.cpp(360,45): warning C4244: '인수': 'double'에서 'int'(으)로 변환하면서 데이터가 손실될 수 있습니다.
C:\Users\sinoh\Desktop\git\networkgameplay\Kyu\Client\Fortress\Game.cpp(369,57): warning C4244: '인수': 'double'에서 'int'(으)로 변환하면서 데이터가 손실될 수 있습니다.
C:\Users\sinoh\Desktop\git\networkgameplay\Kyu\Client\Fortress\Game.cpp(369,49): warning C4244: '인수': 'double'에서 'int'(으)로 변환하면서 데이터가 손실될 수 있습니다.
C:\Users\sinoh\Desktop\git\networkgameplay\Kyu\Client\Fortress\Game.cpp(373,57): warning C4244: '인수': 'double'에서 'int'(으)로 변환하면서 데이터가 손실될 수 있습니다.
C:\Users\sinoh\Desktop\git\networkgameplay\Kyu\Client\Fortress\Game.cpp(373,49): warning C4244: '인수': 'double'에서 'int'(으)로 변환하면서 데이터가 손실될 수 있습니다.
C:\Users\sinoh\Desktop\git\networkgameplay\Kyu\Client\Fortress\Game.cpp(379,57): warning C4244: '인수': 'double'에서 'int'(으)로 변환하면서 데이터가 손실될 수 있습니다.
C:\Users\sinoh\Desktop\git\networkgameplay\Kyu\Client\Fortress\Game.cpp(379,49): warning C4244: '인수': 'double'에서 'int'(으)로 변환하면서 데이터가 손실될 수 있습니다.
C:\Users\sinoh\Desktop\git\networkgameplay\Kyu\Client\Fortress\Game.cpp(383,57): warning C4244: '인수': 'double'에서 'int'(으)로 변환하면서 데이터가 손실될 수 있습니다.
C:\Users\sinoh\Desktop\git\networkgameplay\Kyu\Client\Fortress\Game.cpp(383,49): warning C4244: '인수': 'double'에서 'int'(으)로 변환하면서 데이터가 손실될 수 있습니다.
C:\Users\sinoh\Desktop\git\networkgameplay\Kyu\Client\Fortress\Game.cpp(387,57): warning C4244: '인수': 'double'에서 'int'(으)로 변환하면서 데이터가 손실될 수 있습니다.
C:\Users\sinoh\Desktop\git\networkgameplay\Kyu\Client\Fortress\Game.cpp(387,49): warning C4244: '인수': 'double'에서 'int'(으)로 변환하면서 데이터가 손실될 수 있습니다.
C:\Users\sinoh\Desktop\git\networkgameplay\Kyu\Client\Fortress\Game.cpp(391,57): warning C4244: '인수': 'double'에서 'int'(으)로 변환하면서 데이터가 손실될 수 있습니다.
C:\Users\sinoh\Desktop\git\networkgameplay\Kyu\Client\Fortress\Game.cpp(391,49): warning C4244: '인수': 'double'에서 'int'(으)로 변환하면서 데이터가 손실될 수 있습니다.
C:\Users\sinoh\Desktop\git\networkgameplay\Kyu\Client\Fortress\Game.cpp(398,57): warning C4244: '인수': 'double'에서 'int'(으)로 변환하면서 데이터가 손실될 수 있습니다.
C:\Users\sinoh\Desktop\git\networkgameplay\Kyu\Client\Fortress\Game.cpp(398,49): warning C4244: '인수': 'double'에서 'int'(으)로 변환하면서 데이터가 손실될 수 있습니다.
C:\Users\sinoh\Desktop\git\networkgameplay\Kyu\Client\Fortress\Game.cpp(402,57): warning C4244: '인수': 'double'에서 'int'(으)로 변환하면서 데이터가 손실될 수 있습니다.
C:\Users\sinoh\Desktop\git\networkgameplay\Kyu\Client\Fortress\Game.cpp(402,49): warning C4244: '인수': 'double'에서 'int'(으)로 변환하면서 데이터가 손실될 수 있습니다.
C:\Users\sinoh\Desktop\git\networkgameplay\Kyu\Client\Fortress\Game.cpp(406,57): warning C4244: '인수': 'double'에서 'int'(으)로 변환하면서 데이터가 손실될 수 있습니다.
C:\Users\sinoh\Desktop\git\networkgameplay\Kyu\Client\Fortress\Game.cpp(406,49): warning C4244: '인수': 'double'에서 'int'(으)로 변환하면서 데이터가 손실될 수 있습니다.
C:\Users\sinoh\Desktop\git\networkgameplay\Kyu\Client\Fortress\Game.cpp(410,57): warning C4244: '인수': 'double'에서 'int'(으)로 변환하면서 데이터가 손실될 수 있습니다.
C:\Users\sinoh\Desktop\git\networkgameplay\Kyu\Client\Fortress\Game.cpp(410,49): warning C4244: '인수': 'double'에서 'int'(으)로 변환하면서 데이터가 손실될 수 있습니다.
C:\Users\sinoh\Desktop\git\networkgameplay\Kyu\Client\Fortress\Game.cpp(419,53): warning C4244: '인수': 'double'에서 'int'(으)로 변환하면서 데이터가 손실될 수 있습니다.
C:\Users\sinoh\Desktop\git\networkgameplay\Kyu\Client\Fortress\Game.cpp(419,45): warning C4244: '인수': 'double'에서 'int'(으)로 변환하면서 데이터가 손실될 수 있습니다.
C:\Users\sinoh\Desktop\git\networkgameplay\Kyu\Client\Fortress\Game.cpp(423,53): warning C4244: '인수': 'double'에서 'int'(으)로 변환하면서 데이터가 손실될 수 있습니다.
C:\Users\sinoh\Desktop\git\networkgameplay\Kyu\Client\Fortress\Game.cpp(423,45): warning C4244: '인수': 'double'에서 'int'(으)로 변환하면서 데이터가 손실될 수 있습니다.
C:\Users\sinoh\Desktop\git\networkgameplay\Kyu\Client\Fortress\Game.cpp(427,53): warning C4244: '인수': 'double'에서 'int'(으)로 변환하면서 데이터가 손실될 수 있습니다.
C:\Users\sinoh\Desktop\git\networkgameplay\Kyu\Client\Fortress\Game.cpp(427,45): warning C4244: '인수': 'double'에서 'int'(으)로 변환하면서 데이터가 손실될 수 있습니다.
C:\Users\sinoh\Desktop\git\networkgameplay\Kyu\Client\Fortress\Game.cpp(436,57): warning C4244: '인수': 'double'에서 'int'(으)로 변환하면서 데이터가 손실될 수 있습니다.
C:\Users\sinoh\Desktop\git\networkgameplay\Kyu\Client\Fortress\Game.cpp(436,49): warning C4244: '인수': 'double'에서 'int'(으)로 변환하면서 데이터가 손실될 수 있습니다.
C:\Users\sinoh\Desktop\git\networkgameplay\Kyu\Client\Fortress\Game.cpp(440,57): warning C4244: '인수': 'double'에서 'int'(으)로 변환하면서 데이터가 손실될 수 있습니다.
C:\Users\sinoh\Desktop\git\networkgameplay\Kyu\Client\Fortress\Game.cpp(440,49): warning C4244: '인수': 'double'에서 'int'(으)로 변환하면서 데이터가 손실될 수 있습니다.
C:\Users\sinoh\Desktop\git\networkgameplay\Kyu\Client\Fortress\Game.cpp(446,62): warning C4244: '인수': 'double'에서 'int'(으)로 변환하면서 데이터가 손실될 수 있습니다.
C:\Users\sinoh\Desktop\git\networkgameplay\Kyu\Client\Fortress\Game.cpp(446,55): warning C4244: '인수': 'double'에서 'int'(으)로 변환하면서 데이터가 손실될 수 있습니다.
C:\Users\sinoh\Desktop\git\networkgameplay\Kyu\Client\Fortress\Game.cpp(450,62): warning C4244: '인수': 'double'에서 'int'(으)로 변환하면서 데이터가 손실될 수 있습니다.
C:\Users\sinoh\Desktop\git\networkgameplay\Kyu\Client\Fortress\Game.cpp(450,55): warning C4244: '인수': 'double'에서 'int'(으)로 변환하면서 데이터가 손실될 수 있습니다.
C:\Users\sinoh\Desktop\git\networkgameplay\Kyu\Client\Fortress\Game.cpp(454,62): warning C4244: '인수': 'double'에서 'int'(으)로 변환하면서 데이터가 손실될 수 있습니다.
C:\Users\sinoh\Desktop\git\networkgameplay\Kyu\Client\Fortress\Game.cpp(454,55): warning C4244: '인수': 'double'에서 'int'(으)로 변환하면서 데이터가 손실될 수 있습니다.
C:\Users\sinoh\Desktop\git\networkgameplay\Kyu\Client\Fortress\Game.cpp(458,62): warning C4244: '인수': 'double'에서 'int'(으)로 변환하면서 데이터가 손실될 수 있습니다.
C:\Users\sinoh\Desktop\git\networkgameplay\Kyu\Client\Fortress\Game.cpp(458,55): warning C4244: '인수': 'double'에서 'int'(으)로 변환하면서 데이터가 손실될 수 있습니다.
C:\Users\sinoh\Desktop\git\networkgameplay\Kyu\Client\Fortress\Game.cpp(465,62): warning C4244: '인수': 'double'에서 'int'(으)로 변환하면서 데이터가 손실될 수 있습니다.
C:\Users\sinoh\Desktop\git\networkgameplay\Kyu\Client\Fortress\Game.cpp(465,55): warning C4244: '인수': 'double'에서 'int'(으)로 변환하면서 데이터가 손실될 수 있습니다.
C:\Users\sinoh\Desktop\git\networkgameplay\Kyu\Client\Fortress\Game.cpp(469,62): warning C4244: '인수': 'double'에서 'int'(으)로 변환하면서 데이터가 손실될 수 있습니다.
C:\Users\sinoh\Desktop\git\networkgameplay\Kyu\Client\Fortress\Game.cpp(469,55): warning C4244: '인수': 'double'에서 'int'(으)로 변환하면서 데이터가 손실될 수 있습니다.
C:\Users\sinoh\Desktop\git\networkgameplay\Kyu\Client\Fortress\Game.cpp(473,62): warning C4244: '인수': 'double'에서 'int'(으)로 변환하면서 데이터가 손실될 수 있습니다.
C:\Users\sinoh\Desktop\git\networkgameplay\Kyu\Client\Fortress\Game.cpp(473,55): warning C4244: '인수': 'double'에서 'int'(으)로 변환하면서 데이터가 손실될 수 있습니다.
C:\Users\sinoh\Desktop\git\networkgameplay\Kyu\Client\Fortress\Game.cpp(477,62): warning C4244: '인수': 'double'에서 'int'(으)로 변환하면서 데이터가 손실될 수 있습니다.
C:\Users\sinoh\Desktop\git\networkgameplay\Kyu\Client\Fortress\Game.cpp(477,55): warning C4244: '인수': 'double'에서 'int'(으)로 변환하면서 데이터가 손실될 수 있습니다.
C:\Users\sinoh\Desktop\git\networkgameplay\Kyu\Client\Fortress\Game.cpp(489,62): warning C4244: '인수': 'double'에서 'int'(으)로 변환하면서 데이터가 손실될 수 있습니다.
C:\Users\sinoh\Desktop\git\networkgameplay\Kyu\Client\Fortress\Game.cpp(489,55): warning C4244: '인수': 'double'에서 'int'(으)로 변환하면서 데이터가 손실될 수 있습니다.
C:\Users\sinoh\Desktop\git\networkgameplay\Kyu\Client\Fortress\Game.cpp(493,62): warning C4244: '인수': 'double'에서 'int'(으)로 변환하면서 데이터가 손실될 수 있습니다.
C:\Users\sinoh\Desktop\git\networkgameplay\Kyu\Client\Fortress\Game.cpp(493,55): warning C4244: '인수': 'double'에서 'int'(으)로 변환하면서 데이터가 손실될 수 있습니다.
C:\Users\sinoh\Desktop\git\networkgameplay\Kyu\Client\Fortress\Game.cpp(497,62): warning C4244: '인수': 'double'에서 'int'(으)로 변환하면서 데이터가 손실될 수 있습니다.
C:\Users\sinoh\Desktop\git\networkgameplay\Kyu\Client\Fortress\Game.cpp(497,55): warning C4244: '인수': 'double'에서 'int'(으)로 변환하면서 데이터가 손실될 수 있습니다.
C:\Users\sinoh\Desktop\git\networkgameplay\Kyu\Client\Fortress\Game.cpp(501,62): warning C4244: '인수': 'double'에서 'int'(으)로 변환하면서 데이터가 손실될 수 있습니다.
C:\Users\sinoh\Desktop\git\networkgameplay\Kyu\Client\Fortress\Game.cpp(501,55): warning C4244: '인수': 'double'에서 'int'(으)로 변환하면서 데이터가 손실될 수 있습니다.
C:\Users\sinoh\Desktop\git\networkgameplay\Kyu\Client\Fortress\Game.cpp(505,62): warning C4244: '인수': 'double'에서 'int'(으)로 변환하면서 데이터가 손실될 수 있습니다.
C:\Users\sinoh\Desktop\git\networkgameplay\Kyu\Client\Fortress\Game.cpp(505,55): warning C4244: '인수': 'double'에서 'int'(으)로 변환하면서 데이터가 손실될 수 있습니다.
C:\Users\sinoh\Desktop\git\networkgameplay\Kyu\Client\Fortress\Game.cpp(509,67): warning C4244: '인수': 'double'에서 'int'(으)로 변환하면서 데이터가 손실될 수 있습니다.
C:\Users\sinoh\Desktop\git\networkgameplay\Kyu\Client\Fortress\Game.cpp(509,55): warning C4244: '인수': 'double'에서 'int'(으)로 변환하면서 데이터가 손실될 수 있습니다.
C:\Users\sinoh\Desktop\git\networkgameplay\Kyu\Client\Fortress\Game.cpp(515,67): warning C4244: '인수': 'double'에서 'int'(으)로 변환하면서 데이터가 손실될 수 있습니다.
C:\Users\sinoh\Desktop\git\networkgameplay\Kyu\Client\Fortress\Game.cpp(515,55): warning C4244: '인수': 'double'에서 'int'(으)로 변환하면서 데이터가 손실될 수 있습니다.
C:\Users\sinoh\Desktop\git\networkgameplay\Kyu\Client\Fortress\Game.cpp(519,67): warning C4244: '인수': 'double'에서 'int'(으)로 변환하면서 데이터가 손실될 수 있습니다.
C:\Users\sinoh\Desktop\git\networkgameplay\Kyu\Client\Fortress\Game.cpp(519,55): warning C4244: '인수': 'double'에서 'int'(으)로 변환하면서 데이터가 손실될 수 있습니다.
C:\Users\sinoh\Desktop\git\networkgameplay\Kyu\Client\Fortress\Game.cpp(523,67): warning C4244: '인수': 'double'에서 'int'(으)로 변환하면서 데이터가 손실될 수 있습니다.
C:\Users\sinoh\Desktop\git\networkgameplay\Kyu\Client\Fortress\Game.cpp(523,55): warning C4244: '인수': 'double'에서 'int'(으)로 변환하면서 데이터가 손실될 수 있습니다.
C:\Users\sinoh\Desktop\git\networkgameplay\Kyu\Client\Fortress\Game.cpp(527,67): warning C4244: '인수': 'double'에서 'int'(으)로 변환하면서 데이터가 손실될 수 있습니다.
C:\Users\sinoh\Desktop\git\networkgameplay\Kyu\Client\Fortress\Game.cpp(527,55): warning C4244: '인수': 'double'에서 'int'(으)로 변환하면서 데이터가 손실될 수 있습니다.
C:\Users\sinoh\Desktop\git\networkgameplay\Kyu\Client\Fortress\Game.cpp(533,67): warning C4244: '인수': 'double'에서 'int'(으)로 변환하면서 데이터가 손실될 수 있습니다.
C:\Users\sinoh\Desktop\git\networkgameplay\Kyu\Client\Fortress\Game.cpp(533,55): warning C4244: '인수': 'double'에서 'int'(으)로 변환하면서 데이터가 손실될 수 있습니다.
C:\Users\sinoh\Desktop\git\networkgameplay\Kyu\Client\Fortress\Game.cpp(537,67): warning C4244: '인수': 'double'에서 'int'(으)로 변환하면서 데이터가 손실될 수 있습니다.
C:\Users\sinoh\Desktop\git\networkgameplay\Kyu\Client\Fortress\Game.cpp(537,55): warning C4244: '인수': 'double'에서 'int'(으)로 변환하면서 데이터가 손실될 수 있습니다.
C:\Users\sinoh\Desktop\git\networkgameplay\Kyu\Client\Fortress\Game.cpp(541,67): warning C4244: '인수': 'double'에서 'int'(으)로 변환하면서 데이터가 손실될 수 있습니다.
C:\Users\sinoh\Desktop\git\networkgameplay\Kyu\Client\Fortress\Game.cpp(541,55): warning C4244: '인수': 'double'에서 'int'(으)로 변환하면서 데이터가 손실될 수 있습니다.
C:\Users\sinoh\Desktop\git\networkgameplay\Kyu\Client\Fortress\Game.cpp(545,67): warning C4244: '인수': 'double'에서 'int'(으)로 변환하면서 데이터가 손실될 수 있습니다.
C:\Users\sinoh\Desktop\git\networkgameplay\Kyu\Client\Fortress\Game.cpp(545,55): warning C4244: '인수': 'double'에서 'int'(으)로 변환하면서 데이터가 손실될 수 있습니다.
C:\Users\sinoh\Desktop\git\networkgameplay\Kyu\Client\Fortress\Game.cpp(549,67): warning C4244: '인수': 'double'에서 'int'(으)로 변환하면서 데이터가 손실될 수 있습니다.
C:\Users\sinoh\Desktop\git\networkgameplay\Kyu\Client\Fortress\Game.cpp(549,55): warning C4244: '인수': 'double'에서 'int'(으)로 변환하면서 데이터가 손실될 수 있습니다.
C:\Users\sinoh\Desktop\git\networkgameplay\Kyu\Client\Fortress\Game.cpp(559,57): warning C4244: '인수': 'double'에서 'int'(으)로 변환하면서 데이터가 손실될 수 있습니다.
C:\Users\sinoh\Desktop\git\networkgameplay\Kyu\Client\Fortress\Game.cpp(559,49): warning C4244: '인수': 'double'에서 'int'(으)로 변환하면서 데이터가 손실될 수 있습니다.
C:\Users\sinoh\Desktop\git\networkgameplay\Kyu\Client\Fortress\Game.cpp(563,57): warning C4244: '인수': 'double'에서 'int'(으)로 변환하면서 데이터가 손실될 수 있습니다.
C:\Users\sinoh\Desktop\git\networkgameplay\Kyu\Client\Fortress\Game.cpp(563,49): warning C4244: '인수': 'double'에서 'int'(으)로 변환하면서 데이터가 손실될 수 있습니다.
C:\Users\sinoh\Desktop\git\networkgameplay\Kyu\Client\Fortress\Game.cpp(567,57): warning C4244: '인수': 'double'에서 'int'(으)로 변환하면서 데이터가 손실될 수 있습니다.
C:\Users\sinoh\Desktop\git\networkgameplay\Kyu\Client\Fortress\Game.cpp(567,49): warning C4244: '인수': 'double'에서 'int'(으)로 변환하면서 데이터가 손실될 수 있습니다.
C:\Users\sinoh\Desktop\git\networkgameplay\Kyu\Client\Fortress\Game.cpp(571,57): warning C4244: '인수': 'double'에서 'int'(으)로 변환하면서 데이터가 손실될 수 있습니다.
C:\Users\sinoh\Desktop\git\networkgameplay\Kyu\Client\Fortress\Game.cpp(571,49): warning C4244: '인수': 'double'에서 'int'(으)로 변환하면서 데이터가 손실될 수 있습니다.
C:\Users\sinoh\Desktop\git\networkgameplay\Kyu\Client\Fortress\Game.cpp(575,57): warning C4244: '인수': 'double'에서 'int'(으)로 변환하면서 데이터가 손실될 수 있습니다.
C:\Users\sinoh\Desktop\git\networkgameplay\Kyu\Client\Fortress\Game.cpp(575,49): warning C4244: '인수': 'double'에서 'int'(으)로 변환하면서 데이터가 손실될 수 있습니다.
C:\Users\sinoh\Desktop\git\networkgameplay\Kyu\Client\Fortress\Game.cpp(579,57): warning C4244: '인수': 'double'에서 'int'(으)로 변환하면서 데이터가 손실될 수 있습니다.
C:\Users\sinoh\Desktop\git\networkgameplay\Kyu\Client\Fortress\Game.cpp(579,49): warning C4244: '인수': 'double'에서 'int'(으)로 변환하면서 데이터가 손실될 수 있습니다.
C:\Users\sinoh\Desktop\git\networkgameplay\Kyu\Client\Fortress\Game.cpp(585,62): warning C4244: '인수': 'double'에서 'int'(으)로 변환하면서 데이터가 손실될 수 있습니다.
C:\Users\sinoh\Desktop\git\networkgameplay\Kyu\Client\Fortress\Game.cpp(585,49): warning C4244: '인수': 'double'에서 'int'(으)로 변환하면서 데이터가 손실될 수 있습니다.
C:\Users\sinoh\Desktop\git\networkgameplay\Kyu\Client\Fortress\Game.cpp(589,62): warning C4244: '인수': 'double'에서 'int'(으)로 변환하면서 데이터가 손실될 수 있습니다.
C:\Users\sinoh\Desktop\git\networkgameplay\Kyu\Client\Fortress\Game.cpp(589,49): warning C4244: '인수': 'double'에서 'int'(으)로 변환하면서 데이터가 손실될 수 있습니다.
C:\Users\sinoh\Desktop\git\networkgameplay\Kyu\Client\Fortress\Game.cpp(593,62): warning C4244: '인수': 'double'에서 'int'(으)로 변환하면서 데이터가 손실될 수 있습니다.
C:\Users\sinoh\Desktop\git\networkgameplay\Kyu\Client\Fortress\Game.cpp(593,49): warning C4244: '인수': 'double'에서 'int'(으)로 변환하면서 데이터가 손실될 수 있습니다.
C:\Users\sinoh\Desktop\git\networkgameplay\Kyu\Client\Fortress\Game.cpp(597,62): warning C4244: '인수': 'double'에서 'int'(으)로 변환하면서 데이터가 손실될 수 있습니다.
C:\Users\sinoh\Desktop\git\networkgameplay\Kyu\Client\Fortress\Game.cpp(597,49): warning C4244: '인수': 'double'에서 'int'(으)로 변환하면서 데이터가 손실될 수 있습니다.
C:\Users\sinoh\Desktop\git\networkgameplay\Kyu\Client\Fortress\Game.cpp(603,62): warning C4244: '인수': 'double'에서 'int'(으)로 변환하면서 데이터가 손실될 수 있습니다.
C:\Users\sinoh\Desktop\git\networkgameplay\Kyu\Client\Fortress\Game.cpp(603,49): warning C4244: '인수': 'double'에서 'int'(으)로 변환하면서 데이터가 손실될 수 있습니다.
C:\Users\sinoh\Desktop\git\networkgameplay\Kyu\Client\Fortress\Game.cpp(606,62): warning C4244: '인수': 'double'에서 'int'(으)로 변환하면서 데이터가 손실될 수 있습니다.
C:\Users\sinoh\Desktop\git\networkgameplay\Kyu\Client\Fortress\Game.cpp(606,49): warning C4244: '인수': 'double'에서 'int'(으)로 변환하면서 데이터가 손실될 수 있습니다.
C:\Users\sinoh\Desktop\git\networkgameplay\Kyu\Client\Fortress\Game.cpp(610,62): warning C4244: '인수': 'double'에서 'int'(으)로 변환하면서 데이터가 손실될 수 있습니다.
C:\Users\sinoh\Desktop\git\networkgameplay\Kyu\Client\Fortress\Game.cpp(610,49): warning C4244: '인수': 'double'에서 'int'(으)로 변환하면서 데이터가 손실될 수 있습니다.
C:\Users\sinoh\Desktop\git\networkgameplay\Kyu\Client\Fortress\Game.cpp(614,62): warning C4244: '인수': 'double'에서 'int'(으)로 변환하면서 데이터가 손실될 수 있습니다.
C:\Users\sinoh\Desktop\git\networkgameplay\Kyu\Client\Fortress\Game.cpp(614,49): warning C4244: '인수': 'double'에서 'int'(으)로 변환하면서 데이터가 손실될 수 있습니다.
C:\Users\sinoh\Desktop\git\networkgameplay\Kyu\Client\Fortress\Game.cpp(618,62): warning C4244: '인수': 'double'에서 'int'(으)로 변환하면서 데이터가 손실될 수 있습니다.
C:\Users\sinoh\Desktop\git\networkgameplay\Kyu\Client\Fortress\Game.cpp(618,49): warning C4244: '인수': 'double'에서 'int'(으)로 변환하면서 데이터가 손실될 수 있습니다.
C:\Users\sinoh\Desktop\git\networkgameplay\Kyu\Client\Fortress\Game.cpp(628,53): warning C4244: '인수': 'double'에서 'int'(으)로 변환하면서 데이터가 손실될 수 있습니다.
C:\Users\sinoh\Desktop\git\networkgameplay\Kyu\Client\Fortress\Game.cpp(628,45): warning C4244: '인수': 'double'에서 'int'(으)로 변환하면서 데이터가 손실될 수 있습니다.
C:\Users\sinoh\Desktop\git\networkgameplay\Kyu\Client\Fortress\Game.cpp(632,53): warning C4244: '인수': 'double'에서 'int'(으)로 변환하면서 데이터가 손실될 수 있습니다.
C:\Users\sinoh\Desktop\git\networkgameplay\Kyu\Client\Fortress\Game.cpp(632,45): warning C4244: '인수': 'double'에서 'int'(으)로 변환하면서 데이터가 손실될 수 있습니다.
C:\Users\sinoh\Desktop\git\networkgameplay\Kyu\Client\Fortress\Game.cpp(636,53): warning C4244: '인수': 'double'에서 'int'(으)로 변환하면서 데이터가 손실될 수 있습니다.
C:\Users\sinoh\Desktop\git\networkgameplay\Kyu\Client\Fortress\Game.cpp(636,45): warning C4244: '인수': 'double'에서 'int'(으)로 변환하면서 데이터가 손실될 수 있습니다.
C:\Users\sinoh\Desktop\git\networkgameplay\Kyu\Client\Fortress\Game.cpp(645,57): warning C4244: '인수': 'double'에서 'int'(으)로 변환하면서 데이터가 손실될 수 있습니다.
C:\Users\sinoh\Desktop\git\networkgameplay\Kyu\Client\Fortress\Game.cpp(645,49): warning C4244: '인수': 'double'에서 'int'(으)로 변환하면서 데이터가 손실될 수 있습니다.
C:\Users\sinoh\Desktop\git\networkgameplay\Kyu\Client\Fortress\Game.cpp(649,57): warning C4244: '인수': 'double'에서 'int'(으)로 변환하면서 데이터가 손실될 수 있습니다.
C:\Users\sinoh\Desktop\git\networkgameplay\Kyu\Client\Fortress\Game.cpp(649,49): warning C4244: '인수': 'double'에서 'int'(으)로 변환하면서 데이터가 손실될 수 있습니다.
C:\Users\sinoh\Desktop\git\networkgameplay\Kyu\Client\Fortress\Game.cpp(655,57): warning C4244: '인수': 'double'에서 'int'(으)로 변환하면서 데이터가 손실될 수 있습니다.
C:\Users\sinoh\Desktop\git\networkgameplay\Kyu\Client\Fortress\Game.cpp(655,49): warning C4244: '인수': 'double'에서 'int'(으)로 변환하면서 데이터가 손실될 수 있습니다.
C:\Users\sinoh\Desktop\git\networkgameplay\Kyu\Client\Fortress\Game.cpp(659,57): warning C4244: '인수': 'double'에서 'int'(으)로 변환하면서 데이터가 손실될 수 있습니다.
C:\Users\sinoh\Desktop\git\networkgameplay\Kyu\Client\Fortress\Game.cpp(659,49): warning C4244: '인수': 'double'에서 'int'(으)로 변환하면서 데이터가 손실될 수 있습니다.
C:\Users\sinoh\Desktop\git\networkgameplay\Kyu\Client\Fortress\Game.cpp(663,57): warning C4244: '인수': 'double'에서 'int'(으)로 변환하면서 데이터가 손실될 수 있습니다.
C:\Users\sinoh\Desktop\git\networkgameplay\Kyu\Client\Fortress\Game.cpp(663,49): warning C4244: '인수': 'double'에서 'int'(으)로 변환하면서 데이터가 손실될 수 있습니다.
C:\Users\sinoh\Desktop\git\networkgameplay\Kyu\Client\Fortress\Game.cpp(667,57): warning C4244: '인수': 'double'에서 'int'(으)로 변환하면서 데이터가 손실될 수 있습니다.
C:\Users\sinoh\Desktop\git\networkgameplay\Kyu\Client\Fortress\Game.cpp(667,49): warning C4244: '인수': 'double'에서 'int'(으)로 변환하면서 데이터가 손실될 수 있습니다.
C:\Users\sinoh\Desktop\git\networkgameplay\Kyu\Client\Fortress\Game.cpp(674,57): warning C4244: '인수': 'double'에서 'int'(으)로 변환하면서 데이터가 손실될 수 있습니다.
C:\Users\sinoh\Desktop\git\networkgameplay\Kyu\Client\Fortress\Game.cpp(674,49): warning C4244: '인수': 'double'에서 'int'(으)로 변환하면서 데이터가 손실될 수 있습니다.
C:\Users\sinoh\Desktop\git\networkgameplay\Kyu\Client\Fortress\Game.cpp(678,57): warning C4244: '인수': 'double'에서 'int'(으)로 변환하면서 데이터가 손실될 수 있습니다.
C:\Users\sinoh\Desktop\git\networkgameplay\Kyu\Client\Fortress\Game.cpp(678,49): warning C4244: '인수': 'double'에서 'int'(으)로 변환하면서 데이터가 손실될 수 있습니다.
C:\Users\sinoh\Desktop\git\networkgameplay\Kyu\Client\Fortress\Game.cpp(682,57): warning C4244: '인수': 'double'에서 'int'(으)로 변환하면서 데이터가 손실될 수 있습니다.
C:\Users\sinoh\Desktop\git\networkgameplay\Kyu\Client\Fortress\Game.cpp(682,49): warning C4244: '인수': 'double'에서 'int'(으)로 변환하면서 데이터가 손실될 수 있습니다.
C:\Users\sinoh\Desktop\git\networkgameplay\Kyu\Client\Fortress\Game.cpp(686,57): warning C4244: '인수': 'double'에서 'int'(으)로 변환하면서 데이터가 손실될 수 있습니다.
C:\Users\sinoh\Desktop\git\networkgameplay\Kyu\Client\Fortress\Game.cpp(686,49): warning C4244: '인수': 'double'에서 'int'(으)로 변환하면서 데이터가 손실될 수 있습니다.
C:\Users\sinoh\Desktop\git\networkgameplay\Kyu\Client\Fortress\Game.cpp(695,53): warning C4244: '인수': 'double'에서 'int'(으)로 변환하면서 데이터가 손실될 수 있습니다.
C:\Users\sinoh\Desktop\git\networkgameplay\Kyu\Client\Fortress\Game.cpp(695,45): warning C4244: '인수': 'double'에서 'int'(으)로 변환하면서 데이터가 손실될 수 있습니다.
C:\Users\sinoh\Desktop\git\networkgameplay\Kyu\Client\Fortress\Game.cpp(699,53): warning C4244: '인수': 'double'에서 'int'(으)로 변환하면서 데이터가 손실될 수 있습니다.
C:\Users\sinoh\Desktop\git\networkgameplay\Kyu\Client\Fortress\Game.cpp(699,45): warning C4244: '인수': 'double'에서 'int'(으)로 변환하면서 데이터가 손실될 수 있습니다.
C:\Users\sinoh\Desktop\git\networkgameplay\Kyu\Client\Fortress\Game.cpp(703,53): warning C4244: '인수': 'double'에서 'int'(으)로 변환하면서 데이터가 손실될 수 있습니다.
C:\Users\sinoh\Desktop\git\networkgameplay\Kyu\Client\Fortress\Game.cpp(703,45): warning C4244: '인수': 'double'에서 'int'(으)로 변환하면서 데이터가 손실될 수 있습니다.
C:\Users\sinoh\Desktop\git\networkgameplay\Kyu\Client\Fortress\Game.cpp(712,57): warning C4244: '인수': 'double'에서 'int'(으)로 변환하면서 데이터가 손실될 수 있습니다.
C:\Users\sinoh\Desktop\git\networkgameplay\Kyu\Client\Fortress\Game.cpp(712,49): warning C4244: '인수': 'double'에서 'int'(으)로 변환하면서 데이터가 손실될 수 있습니다.
C:\Users\sinoh\Desktop\git\networkgameplay\Kyu\Client\Fortress\Game.cpp(716,57): warning C4244: '인수': 'double'에서 'int'(으)로 변환하면서 데이터가 손실될 수 있습니다.
C:\Users\sinoh\Desktop\git\networkgameplay\Kyu\Client\Fortress\Game.cpp(716,49): warning C4244: '인수': 'double'에서 'int'(으)로 변환하면서 데이터가 손실될 수 있습니다.
C:\Users\sinoh\Desktop\git\networkgameplay\Kyu\Client\Fortress\Game.cpp(722,62): warning C4244: '인수': 'double'에서 'int'(으)로 변환하면서 데이터가 손실될 수 있습니다.
C:\Users\sinoh\Desktop\git\networkgameplay\Kyu\Client\Fortress\Game.cpp(722,55): warning C4244: '인수': 'double'에서 'int'(으)로 변환하면서 데이터가 손실될 수 있습니다.
C:\Users\sinoh\Desktop\git\networkgameplay\Kyu\Client\Fortress\Game.cpp(726,62): warning C4244: '인수': 'double'에서 'int'(으)로 변환하면서 데이터가 손실될 수 있습니다.
C:\Users\sinoh\Desktop\git\networkgameplay\Kyu\Client\Fortress\Game.cpp(726,55): warning C4244: '인수': 'double'에서 'int'(으)로 변환하면서 데이터가 손실될 수 있습니다.
C:\Users\sinoh\Desktop\git\networkgameplay\Kyu\Client\Fortress\Game.cpp(730,62): warning C4244: '인수': 'double'에서 'int'(으)로 변환하면서 데이터가 손실될 수 있습니다.
C:\Users\sinoh\Desktop\git\networkgameplay\Kyu\Client\Fortress\Game.cpp(730,55): warning C4244: '인수': 'double'에서 'int'(으)로 변환하면서 데이터가 손실될 수 있습니다.
C:\Users\sinoh\Desktop\git\networkgameplay\Kyu\Client\Fortress\Game.cpp(734,62): warning C4244: '인수': 'double'에서 'int'(으)로 변환하면서 데이터가 손실될 수 있습니다.
C:\Users\sinoh\Desktop\git\networkgameplay\Kyu\Client\Fortress\Game.cpp(734,55): warning C4244: '인수': 'double'에서 'int'(으)로 변환하면서 데이터가 손실될 수 있습니다.
C:\Users\sinoh\Desktop\git\networkgameplay\Kyu\Client\Fortress\Game.cpp(741,62): warning C4244: '인수': 'double'에서 'int'(으)로 변환하면서 데이터가 손실될 수 있습니다.
C:\Users\sinoh\Desktop\git\networkgameplay\Kyu\Client\Fortress\Game.cpp(741,55): warning C4244: '인수': 'double'에서 'int'(으)로 변환하면서 데이터가 손실될 수 있습니다.
C:\Users\sinoh\Desktop\git\networkgameplay\Kyu\Client\Fortress\Game.cpp(745,62): warning C4244: '인수': 'double'에서 'int'(으)로 변환하면서 데이터가 손실될 수 있습니다.
C:\Users\sinoh\Desktop\git\networkgameplay\Kyu\Client\Fortress\Game.cpp(745,55): warning C4244: '인수': 'double'에서 'int'(으)로 변환하면서 데이터가 손실될 수 있습니다.
C:\Users\sinoh\Desktop\git\networkgameplay\Kyu\Client\Fortress\Game.cpp(749,62): warning C4244: '인수': 'double'에서 'int'(으)로 변환하면서 데이터가 손실될 수 있습니다.
C:\Users\sinoh\Desktop\git\networkgameplay\Kyu\Client\Fortress\Game.cpp(749,55): warning C4244: '인수': 'double'에서 'int'(으)로 변환하면서 데이터가 손실될 수 있습니다.
C:\Users\sinoh\Desktop\git\networkgameplay\Kyu\Client\Fortress\Game.cpp(753,62): warning C4244: '인수': 'double'에서 'int'(으)로 변환하면서 데이터가 손실될 수 있습니다.
C:\Users\sinoh\Desktop\git\networkgameplay\Kyu\Client\Fortress\Game.cpp(753,55): warning C4244: '인수': 'double'에서 'int'(으)로 변환하면서 데이터가 손실될 수 있습니다.
C:\Users\sinoh\Desktop\git\networkgameplay\Kyu\Client\Fortress\Game.cpp(857,59): warning C4244: '인수': 'double'에서 'int'(으)로 변환하면서 데이터가 손실될 수 있습니다.
C:\Users\sinoh\Desktop\git\networkgameplay\Kyu\Client\Fortress\Game.cpp(857,50): warning C4244: '인수': 'double'에서 'int'(으)로 변환하면서 데이터가 손실될 수 있습니다.
C:\Users\sinoh\Desktop\git\networkgameplay\Kyu\Client\Fortress\Game.cpp(859,59): warning C4244: '인수': 'double'에서 'int'(으)로 변환하면서 데이터가 손실될 수 있습니다.
C:\Users\sinoh\Desktop\git\networkgameplay\Kyu\Client\Fortress\Game.cpp(859,50): warning C4244: '인수': 'double'에서 'int'(으)로 변환하면서 데이터가 손실될 수 있습니다.
C:\Users\sinoh\Desktop\git\networkgameplay\Kyu\Client\Fortress\Game.cpp(861,59): warning C4244: '인수': 'double'에서 'int'(으)로 변환하면서 데이터가 손실될 수 있습니다.
C:\Users\sinoh\Desktop\git\networkgameplay\Kyu\Client\Fortress\Game.cpp(861,50): warning C4244: '인수': 'double'에서 'int'(으)로 변환하면서 데이터가 손실될 수 있습니다.
C:\Users\sinoh\Desktop\git\networkgameplay\Kyu\Client\Fortress\Game.cpp(863,59): warning C4244: '인수': 'double'에서 'int'(으)로 변환하면서 데이터가 손실될 수 있습니다.
C:\Users\sinoh\Desktop\git\networkgameplay\Kyu\Client\Fortress\Game.cpp(863,50): warning C4244: '인수': 'double'에서 'int'(으)로 변환하면서 데이터가 손실될 수 있습니다.
C:\Users\sinoh\Desktop\git\networkgameplay\Kyu\Client\Fortress\Game.cpp(871,59): warning C4244: '인수': 'double'에서 'int'(으)로 변환하면서 데이터가 손실될 수 있습니다.
C:\Users\sinoh\Desktop\git\networkgameplay\Kyu\Client\Fortress\Game.cpp(871,50): warning C4244: '인수': 'double'에서 'int'(으)로 변환하면서 데이터가 손실될 수 있습니다.
C:\Users\sinoh\Desktop\git\networkgameplay\Kyu\Client\Fortress\Game.cpp(873,59): warning C4244: '인수': 'double'에서 'int'(으)로 변환하면서 데이터가 손실될 수 있습니다.
C:\Users\sinoh\Desktop\git\networkgameplay\Kyu\Client\Fortress\Game.cpp(873,50): warning C4244: '인수': 'double'에서 'int'(으)로 변환하면서 데이터가 손실될 수 있습니다.
C:\Users\sinoh\Desktop\git\networkgameplay\Kyu\Client\Fortress\Game.cpp(875,59): warning C4244: '인수': 'double'에서 'int'(으)로 변환하면서 데이터가 손실될 수 있습니다.
C:\Users\sinoh\Desktop\git\networkgameplay\Kyu\Client\Fortress\Game.cpp(875,50): warning C4244: '인수': 'double'에서 'int'(으)로 변환하면서 데이터가 손실될 수 있습니다.
C:\Users\sinoh\Desktop\git\networkgameplay\Kyu\Client\Fortress\Game.cpp(877,59): warning C4244: '인수': 'double'에서 'int'(으)로 변환하면서 데이터가 손실될 수 있습니다.
C:\Users\sinoh\Desktop\git\networkgameplay\Kyu\Client\Fortress\Game.cpp(877,50): warning C4244: '인수': 'double'에서 'int'(으)로 변환하면서 데이터가 손실될 수 있습니다.
C:\Users\sinoh\Desktop\git\networkgameplay\Kyu\Client\Fortress\Game.cpp(885,59): warning C4244: '인수': 'double'에서 'int'(으)로 변환하면서 데이터가 손실될 수 있습니다.
C:\Users\sinoh\Desktop\git\networkgameplay\Kyu\Client\Fortress\Game.cpp(885,50): warning C4244: '인수': 'double'에서 'int'(으)로 변환하면서 데이터가 손실될 수 있습니다.
C:\Users\sinoh\Desktop\git\networkgameplay\Kyu\Client\Fortress\Game.cpp(887,59): warning C4244: '인수': 'double'에서 'int'(으)로 변환하면서 데이터가 손실될 수 있습니다.
C:\Users\sinoh\Desktop\git\networkgameplay\Kyu\Client\Fortress\Game.cpp(887,50): warning C4244: '인수': 'double'에서 'int'(으)로 변환하면서 데이터가 손실될 수 있습니다.
C:\Users\sinoh\Desktop\git\networkgameplay\Kyu\Client\Fortress\Game.cpp(889,59): warning C4244: '인수': 'double'에서 'int'(으)로 변환하면서 데이터가 손실될 수 있습니다.
C:\Users\sinoh\Desktop\git\networkgameplay\Kyu\Client\Fortress\Game.cpp(889,50): warning C4244: '인수': 'double'에서 'int'(으)로 변환하면서 데이터가 손실될 수 있습니다.
C:\Users\sinoh\Desktop\git\networkgameplay\Kyu\Client\Fortress\Game.cpp(891,59): warning C4244: '인수': 'double'에서 'int'(으)로 변환하면서 데이터가 손실될 수 있습니다.
C:\Users\sinoh\Desktop\git\networkgameplay\Kyu\Client\Fortress\Game.cpp(891,50): warning C4244: '인수': 'double'에서 'int'(으)로 변환하면서 데이터가 손실될 수 있습니다.
C:\Users\sinoh\Desktop\git\networkgameplay\Kyu\Client\Fortress\Game.cpp(899,59): warning C4244: '인수': 'double'에서 'int'(으)로 변환하면서 데이터가 손실될 수 있습니다.
C:\Users\sinoh\Desktop\git\networkgameplay\Kyu\Client\Fortress\Game.cpp(899,50): warning C4244: '인수': 'double'에서 'int'(으)로 변환하면서 데이터가 손실될 수 있습니다.
C:\Users\sinoh\Desktop\git\networkgameplay\Kyu\Client\Fortress\Game.cpp(901,59): warning C4244: '인수': 'double'에서 'int'(으)로 변환하면서 데이터가 손실될 수 있습니다.
C:\Users\sinoh\Desktop\git\networkgameplay\Kyu\Client\Fortress\Game.cpp(901,50): warning C4244: '인수': 'double'에서 'int'(으)로 변환하면서 데이터가 손실될 수 있습니다.
C:\Users\sinoh\Desktop\git\networkgameplay\Kyu\Client\Fortress\Game.cpp(903,59): warning C4244: '인수': 'double'에서 'int'(으)로 변환하면서 데이터가 손실될 수 있습니다.
C:\Users\sinoh\Desktop\git\networkgameplay\Kyu\Client\Fortress\Game.cpp(903,50): warning C4244: '인수': 'double'에서 'int'(으)로 변환하면서 데이터가 손실될 수 있습니다.
C:\Users\sinoh\Desktop\git\networkgameplay\Kyu\Client\Fortress\Game.cpp(905,59): warning C4244: '인수': 'double'에서 'int'(으)로 변환하면서 데이터가 손실될 수 있습니다.
C:\Users\sinoh\Desktop\git\networkgameplay\Kyu\Client\Fortress\Game.cpp(905,50): warning C4244: '인수': 'double'에서 'int'(으)로 변환하면서 데이터가 손실될 수 있습니다.
C:\Users\sinoh\Desktop\git\networkgameplay\Kyu\Client\Fortress\Game.cpp(931,54): warning C4244: '인수': 'double'에서 'int'(으)로 변환하면서 데이터가 손실될 수 있습니다.
C:\Users\sinoh\Desktop\git\networkgameplay\Kyu\Client\Fortress\Game.cpp(931,46): warning C4244: '인수': 'double'에서 'int'(으)로 변환하면서 데이터가 손실될 수 있습니다.
C:\Users\sinoh\Desktop\git\networkgameplay\Kyu\Client\Fortress\Game.cpp(939,56): warning C4244: '인수': 'double'에서 'int'(으)로 변환하면서 데이터가 손실될 수 있습니다.
C:\Users\sinoh\Desktop\git\networkgameplay\Kyu\Client\Fortress\Game.cpp(939,48): warning C4244: '인수': 'double'에서 'int'(으)로 변환하면서 데이터가 손실될 수 있습니다.
C:\Users\sinoh\Desktop\git\networkgameplay\Kyu\Client\Fortress\Game.cpp(943,54): warning C4244: '인수': 'double'에서 'int'(으)로 변환하면서 데이터가 손실될 수 있습니다.
C:\Users\sinoh\Desktop\git\networkgameplay\Kyu\Client\Fortress\Game.cpp(943,46): warning C4244: '인수': 'double'에서 'int'(으)로 변환하면서 데이터가 손실될 수 있습니다.
C:\Users\sinoh\Desktop\git\networkgameplay\Kyu\Client\Fortress\Game.cpp(951,56): warning C4244: '인수': 'double'에서 'int'(으)로 변환하면서 데이터가 손실될 수 있습니다.
C:\Users\sinoh\Desktop\git\networkgameplay\Kyu\Client\Fortress\Game.cpp(951,48): warning C4244: '인수': 'double'에서 'int'(으)로 변환하면서 데이터가 손실될 수 있습니다.
C:\Users\sinoh\Desktop\git\networkgameplay\Kyu\Client\Fortress\Game.cpp(959,51): warning C4244: '인수': 'double'에서 'int'(으)로 변환하면서 데이터가 손실될 수 있습니다.
C:\Users\sinoh\Desktop\git\networkgameplay\Kyu\Client\Fortress\Game.cpp(959,42): warning C4244: '인수': 'double'에서 'int'(으)로 변환하면서 데이터가 손실될 수 있습니다.
C:\Users\sinoh\Desktop\git\networkgameplay\Kyu\Client\Fortress\Game.cpp(963,51): warning C4244: '인수': 'double'에서 'int'(으)로 변환하면서 데이터가 손실될 수 있습니다.
C:\Users\sinoh\Desktop\git\networkgameplay\Kyu\Client\Fortress\Game.cpp(963,42): warning C4244: '인수': 'double'에서 'int'(으)로 변환하면서 데이터가 손실될 수 있습니다.
C:\Users\sinoh\Desktop\git\networkgameplay\Kyu\Client\Fortress\Game.cpp(976,39): warning C4244: '인수': 'double'에서 'int'(으)로 변환하면서 데이터가 손실될 수 있습니다.
C:\Users\sinoh\Desktop\git\networkgameplay\Kyu\Client\Fortress\Game.cpp(976,33): warning C4244: '인수': 'double'에서 'int'(으)로 변환하면서 데이터가 손실될 수 있습니다.
C:\Users\sinoh\Desktop\git\networkgameplay\Kyu\Client\Fortress\Game.cpp(999,51): warning C4244: '인수': 'double'에서 'int'(으)로 변환하면서 데이터가 손실될 수 있습니다.
C:\Users\sinoh\Desktop\git\networkgameplay\Kyu\Client\Fortress\Game.cpp(999,42): warning C4244: '인수': 'double'에서 'int'(으)로 변환하면서 데이터가 손실될 수 있습니다.
C:\Users\sinoh\Desktop\git\networkgameplay\Kyu\Client\Fortress\Game.cpp(1003,51): warning C4244: '인수': 'double'에서 'int'(으)로 변환하면서 데이터가 손실될 수 있습니다.
C:\Users\sinoh\Desktop\git\networkgameplay\Kyu\Client\Fortress\Game.cpp(1003,42): warning C4244: '인수': 'double'에서 'int'(으)로 변환하면서 데이터가 손실될 수 있습니다.
C:\Users\sinoh\Desktop\git\networkgameplay\Kyu\Client\Fortress\Game.cpp(1016,39): warning C4244: '인수': 'double'에서 'int'(으)로 변환하면서 데이터가 손실될 수 있습니다.
C:\Users\sinoh\Desktop\git\networkgameplay\Kyu\Client\Fortress\Game.cpp(1016,33): warning C4244: '인수': 'double'에서 'int'(으)로 변환하면서 데이터가 손실될 수 있습니다.
C:\Users\sinoh\Desktop\git\networkgameplay\Kyu\Client\Fortress\Game.cpp(1048,28): warning C4244: '인수': 'double'에서 'int'(으)로 변환하면서 데이터가 손실될 수 있습니다.
C:\Users\sinoh\Desktop\git\networkgameplay\Kyu\Client\Fortress\Game.cpp(1048,20): warning C4244: '인수': 'double'에서 'int'(으)로 변환하면서 데이터가 손실될 수 있습니다.
C:\Users\sinoh\Desktop\git\networkgameplay\Kyu\Client\Fortress\Game.cpp(1063,28): warning C4244: '인수': 'double'에서 'int'(으)로 변환하면서 데이터가 손실될 수 있습니다.
C:\Users\sinoh\Desktop\git\networkgameplay\Kyu\Client\Fortress\Game.cpp(1063,20): warning C4244: '인수': 'double'에서 'int'(으)로 변환하면서 데이터가 손실될 수 있습니다.
C:\Users\sinoh\Desktop\git\networkgameplay\Kyu\Client\Fortress\Game.cpp(1154,26): warning C4244: '=': 'double'에서 'int'(으)로 변환하면서 데이터가 손실될 수 있습니다.
C:\Users\sinoh\Desktop\git\networkgameplay\Kyu\Client\Fortress\Game.cpp(1155,26): warning C4244: '=': 'double'에서 'int'(으)로 변환하면서 데이터가 손실될 수 있습니다.
C:\Users\sinoh\Desktop\git\networkgameplay\Kyu\Client\Fortress\Game.cpp(1175,26): warning C4244: '=': 'double'에서 'int'(으)로 변환하면서 데이터가 손실될 수 있습니다.
C:\Users\sinoh\Desktop\git\networkgameplay\Kyu\Client\Fortress\Game.cpp(1176,26): warning C4244: '=': 'double'에서 'int'(으)로 변환하면서 데이터가 손실될 수 있습니다.
C:\Users\sinoh\Desktop\git\networkgameplay\Kyu\Client\Fortress\Game.cpp(1980,43): warning C4244: '인수': 'double'에서 'int'(으)로 변환하면서 데이터가 손실될 수 있습니다.
C:\Users\sinoh\Desktop\git\networkgameplay\Kyu\Client\Fortress\Game.cpp(1980,35): warning C4244: '인수': 'double'에서 'int'(으)로 변환하면서 데이터가 손실될 수 있습니다.
C:\Users\sinoh\Desktop\git\networkgameplay\Kyu\Client\Fortress\Game.cpp(1981,43): warning C4244: '인수': 'double'에서 'int'(으)로 변환하면서 데이터가 손실될 수 있습니다.
C:\Users\sinoh\Desktop\git\networkgameplay\Kyu\Client\Fortress\Game.cpp(1981,35): warning C4244: '인수': 'double'에서 'int'(으)로 변환하면서 데이터가 손실될 수 있습니다.
C:\Users\sinoh\Desktop\git\networkgameplay\Kyu\Client\Fortress\Game.cpp(2214,28): warning C4244: '=': 'double'에서 'int'(으)로 변환하면서 데이터가 손실될 수 있습니다.
C:\Users\sinoh\Desktop\git\networkgameplay\Kyu\Client\Fortress\Game.cpp(2215,28): warning C4244: '=': 'double'에서 'int'(으)로 변환하면서 데이터가 손실될 수 있습니다.
  Player.cpp
C:\Users\sinoh\Desktop\git\networkgameplay\Kyu\Client\Fortress\Player.cpp(90,46): warning C4244: '인수': 'double'에서 'int'(으)로 변환하면서 데이터가 손실될 수 있습니다.
C:\Users\sinoh\Desktop\git\networkgameplay\Kyu\Client\Fortress\Player.cpp(90,34): warning C4244: '인수': 'double'에서 'int'(으)로 변환하면서 데이터가 손실될 수 있습니다.
C:\Users\sinoh\Desktop\git\networkgameplay\Kyu\Client\Fortress\Player.cpp(90,24): warning C4244: '인수': 'double'에서 'int'(으)로 변환하면서 데이터가 손실될 수 있습니다.
C:\Users\sinoh\Desktop\git\networkgameplay\Kyu\Client\Fortress\Player.cpp(90,18): warning C4244: '인수': 'double'에서 'int'(으)로 변환하면서 데이터가 손실될 수 있습니다.
  ClientNet.cpp
  코드를 생성하고 있습니다...
  Fortress.vcxproj -> C:\Users\sinoh\Desktop\git\networkgameplay\Kyu\Client\x64\Debug\Fortress.exe
